[2024-06-15 18:34:39] ==== Launcher Started ====
[2024-06-15 18:34:39][Info] Using launcher config at: D:\Games\GPTST\SPTARKOV\user\launcher\config.json
[2024-06-15 18:34:40][Info] Connected to server: http://127.0.0.1:6969 - Aki Version: 3.8.3
[2024-06-15 18:34:43][Info] >>> Launching Game
[2024-06-15 18:34:43][Info] >>> Account: Zoinzizoin
[2024-06-15 18:34:43][Info] >>> Server : http://127.0.0.1:6969
[2024-06-15 18:34:43][Info] [LaunchGame] Installed in Live :: NO
[2024-06-15 18:34:43][Info] [LaunchGame] Setup Game Files ...
[2024-06-15 18:34:43][Info] Recursive Removal: D:\Games\GPTST\SPTARKOV\Logs
[2024-06-15 18:34:43][Info] Recursive Removal: D:\Games\GPTST\SPTARKOV\Logs\log_2024.06.15_16-31-11_0.14.1.2.29197
[2024-06-15 18:34:43][Debug]   -> del file: D:\Games\GPTST\SPTARKOV\Logs\log_2024.06.15_16-31-11_0.14.1.2.29197\2024.06.15_16-31-11_0.14.1.2.29197 application.log
[2024-06-15 18:34:43][Debug]   -> del file: D:\Games\GPTST\SPTARKOV\Logs\log_2024.06.15_16-31-11_0.14.1.2.29197\2024.06.15_16-31-11_0.14.1.2.29197 errors.log
[2024-06-15 18:34:43][Debug]   -> del file: D:\Games\GPTST\SPTARKOV\Logs\log_2024.06.15_16-31-11_0.14.1.2.29197\2024.06.15_16-31-11_0.14.1.2.29197 notifications.log
[2024-06-15 18:34:43][Debug]   -> del file: D:\Games\GPTST\SPTARKOV\Logs\log_2024.06.15_16-31-11_0.14.1.2.29197\2024.06.15_16-31-11_0.14.1.2.29197 traces.log
[2024-06-15 18:34:43][Debug]   -> del file: D:\Games\GPTST\SPTARKOV\Logs\log_2024.06.15_16-31-11_0.14.1.2.29197\2024.06.15_16-31-11_0.14.1.2.29197_backend.log
[2024-06-15 18:34:43][Info] [LaunchGame] Game Validation   :: OK
[2024-06-15 18:34:43][Info] [LaunchGame] Valid Game Path   :: OK
[2024-06-15 18:34:44][Info] [LaunchGame] Applying Patch    :: OK
[2024-06-15 18:34:44][Info] [LaunchGame] Game process started
[2024-06-15 18:53:21][Info] >>> Launching Game
[2024-06-15 18:53:21][Info] >>> Account: Zoinzizoin
[2024-06-15 18:53:21][Info] >>> Server : http://127.0.0.1:6969
[2024-06-15 18:53:21][Info] [LaunchGame] Installed in Live :: NO
[2024-06-15 18:53:21][Info] [LaunchGame] Setup Game Files ...
[2024-06-15 18:53:21][Info] Recursive Removal: D:\Games\GPTST\SPTARKOV\Logs
[2024-06-15 18:53:21][Info] Recursive Removal: D:\Games\GPTST\SPTARKOV\Logs\log_2024.06.15_16-34-55_0.14.1.2.29197
[2024-06-15 18:53:21][Debug]   -> del file: D:\Games\GPTST\SPTARKOV\Logs\log_2024.06.15_16-34-55_0.14.1.2.29197\2024.06.15_16-34-55_0.14.1.2.29197 application.log
[2024-06-15 18:53:21][Debug]   -> del file: D:\Games\GPTST\SPTARKOV\Logs\log_2024.06.15_16-34-55_0.14.1.2.29197\2024.06.15_16-34-55_0.14.1.2.29197 errors.log
[2024-06-15 18:53:21][Debug]   -> del file: D:\Games\GPTST\SPTARKOV\Logs\log_2024.06.15_16-34-55_0.14.1.2.29197\2024.06.15_16-34-55_0.14.1.2.29197 notifications.log
[2024-06-15 18:53:21][Debug]   -> del file: D:\Games\GPTST\SPTARKOV\Logs\log_2024.06.15_16-34-55_0.14.1.2.29197\2024.06.15_16-34-55_0.14.1.2.29197 spatial-audio.log
[2024-06-15 18:53:21][Debug]   -> del file: D:\Games\GPTST\SPTARKOV\Logs\log_2024.06.15_16-34-55_0.14.1.2.29197\2024.06.15_16-34-55_0.14.1.2.29197 surprises.log
[2024-06-15 18:53:21][Debug]   -> del file: D:\Games\GPTST\SPTARKOV\Logs\log_2024.06.15_16-34-55_0.14.1.2.29197\2024.06.15_16-34-55_0.14.1.2.29197 traces.log
[2024-06-15 18:53:21][Debug]   -> del file: D:\Games\GPTST\SPTARKOV\Logs\log_2024.06.15_16-34-55_0.14.1.2.29197\2024.06.15_16-34-55_0.14.1.2.29197_backend.log
[2024-06-15 18:53:21][Info] [LaunchGame] Game Validation   :: OK
[2024-06-15 18:53:21][Info] [LaunchGame] Valid Game Path   :: OK
[2024-06-15 18:53:22][Info] [LaunchGame] Applying Patch    :: OK
[2024-06-15 18:53:22][Info] [LaunchGame] Game process started
